number,value,datetime_start,datetime_complete,duration,params_colsample_bytree,params_learning_rate,params_max_depth,params_min_child_weight,params_n_estimators,params_reg_alpha,params_reg_lambda,params_subsample,state
0,15.786292872664106,2026-07-07 21:28:31.796134,2026-07-07 21:28:33.807080,0 days 00:00:02.010946,1.0,0.3,6,3,100,1.0,10.0,0.6,COMPLETE
1,14.838326287527604,2026-07-07 21:28:33.807737,2026-07-07 21:28:42.138224,0 days 00:00:08.330487,0.8,0.01,6,3,500,0.0,10.0,1.0,COMPLETE
2,15.933306120583666,2026-07-07 21:28:42.138979,2026-07-07 21:28:43.303926,0 days 00:00:01.164947,0.6,0.01,4,5,100,0.1,1.0,0.8,COMPLETE
3,15.583487897614066,2026-07-07 21:28:43.304802,2026-07-07 21:28:44.285890,0 days 00:00:00.981088,0.6,0.3,6,5,50,1.0,10.0,0.8,COMPLETE
4,14.793013413619793,2026-07-07 21:28:44.286541,2026-07-07 21:28:45.490787,0 days 00:00:01.204246,1.0,0.1,2,5,200,0.1,0.1,0.8,COMPLETE
5,16.19578930555029,2026-07-07 21:28:45.491615,2026-07-07 21:28:46.764748,0 days 00:00:01.273133,0.6,0.3,2,1,200,0.1,1.0,0.6,COMPLETE
6,14.906930000058622,2026-07-07 21:28:46.765397,2026-07-07 21:28:56.463339,0 days 00:00:09.697942,0.8,0.01,6,1,500,1.0,0.1,1.0,COMPLETE
7,15.040522633525402,2026-07-07 21:28:56.464017,2026-07-07 21:29:04.231592,0 days 00:00:07.767575,0.6,0.01,6,3,500,0.0,1.0,1.0,COMPLETE
8,15.067988964203616,2026-07-07 21:29:04.232445,2026-07-07 21:29:07.067755,0 days 00:00:02.835310,0.8,0.1,2,3,500,0.1,1.0,0.6,COMPLETE
9,14.399031062481095,2026-07-07 21:29:07.068417,2026-07-07 21:29:08.312965,0 days 00:00:01.244548,1.0,0.05,2,1,200,0.0,0.1,0.8,COMPLETE
10,14.36586138916904,2026-07-07 21:29:08.313617,2026-07-07 21:29:09.989321,0 days 00:00:01.675704,1.0,0.05,3,1,200,0.0,0.1,0.8,COMPLETE
11,14.36586138916904,2026-07-07 21:29:09.989990,2026-07-07 21:29:11.631495,0 days 00:00:01.641505,1.0,0.05,3,1,200,0.0,0.1,0.8,COMPLETE
12,14.36586138916904,2026-07-07 21:29:11.632159,2026-07-07 21:29:13.274280,0 days 00:00:01.642121,1.0,0.05,3,1,200,0.0,0.1,0.8,COMPLETE
13,14.36586138916904,2026-07-07 21:29:13.274997,2026-07-07 21:29:14.896845,0 days 00:00:01.621848,1.0,0.05,3,1,200,0.0,0.1,0.8,COMPLETE
14,14.084156569115716,2026-07-07 21:29:14.897542,2026-07-07 21:29:15.470095,0 days 00:00:00.572553,1.0,0.05,3,1,50,0.0,0.1,0.8,COMPLETE
15,14.084156569115716,2026-07-07 21:29:15.470750,2026-07-07 21:29:16.091701,0 days 00:00:00.620951,1.0,0.05,3,1,50,0.0,0.1,0.8,COMPLETE
16,14.084156569115716,2026-07-07 21:29:16.092382,2026-07-07 21:29:16.701270,0 days 00:00:00.608888,1.0,0.05,3,1,50,0.0,0.1,0.8,COMPLETE
17,14.308608588976517,2026-07-07 21:29:16.701916,2026-07-07 21:29:17.468440,0 days 00:00:00.766524,1.0,0.05,4,1,50,0.0,0.1,0.8,COMPLETE
18,13.960012164912769,2026-07-07 21:29:17.469093,2026-07-07 21:29:18.096237,0 days 00:00:00.627144,1.0,0.05,3,1,50,0.0,0.1,1.0,COMPLETE
19,14.291796852385541,2026-07-07 21:29:18.096915,2026-07-07 21:29:18.756531,0 days 00:00:00.659616,0.8,0.1,3,5,50,1.0,10.0,1.0,COMPLETE
20,13.960012164912769,2026-07-07 21:29:18.757200,2026-07-07 21:29:19.376281,0 days 00:00:00.619081,1.0,0.05,3,1,50,0.0,0.1,1.0,COMPLETE
21,13.960012164912769,2026-07-07 21:29:19.376959,2026-07-07 21:29:19.999945,0 days 00:00:00.622986,1.0,0.05,3,1,50,0.0,0.1,1.0,COMPLETE
22,13.960012164912769,2026-07-07 21:29:20.000597,2026-07-07 21:29:20.615943,0 days 00:00:00.615346,1.0,0.05,3,1,50,0.0,0.1,1.0,COMPLETE
23,13.960012164912769,2026-07-07 21:29:20.616623,2026-07-07 21:29:21.277087,0 days 00:00:00.660464,1.0,0.05,3,1,50,0.0,0.1,1.0,COMPLETE
24,14.470092599268034,2026-07-07 21:29:21.277716,2026-07-07 21:29:22.049906,0 days 00:00:00.772190,1.0,0.05,4,1,50,0.0,0.1,1.0,COMPLETE
25,13.960012164912769,2026-07-07 21:29:22.050638,2026-07-07 21:29:22.652540,0 days 00:00:00.601902,1.0,0.05,3,1,50,0.0,0.1,1.0,COMPLETE
26,14.164970589452286,2026-07-07 21:29:22.653199,2026-07-07 21:29:23.606384,0 days 00:00:00.953185,1.0,0.05,3,1,100,0.0,0.1,1.0,COMPLETE
27,14.06459965769615,2026-07-07 21:29:23.607127,2026-07-07 21:29:24.221682,0 days 00:00:00.614555,1.0,0.1,3,1,50,0.0,0.1,1.0,COMPLETE
28,14.974919822725644,2026-07-07 21:29:24.222534,2026-07-07 21:29:24.847630,0 days 00:00:00.625096,0.8,0.3,3,3,50,1.0,10.0,1.0,COMPLETE
29,15.278961353777538,2026-07-07 21:29:24.848299,2026-07-07 21:29:26.025354,0 days 00:00:01.177055,0.6,0.3,4,5,100,0.1,1.0,0.6,COMPLETE
30,14.615037915864724,2026-07-07 21:29:26.026016,2026-07-07 21:29:26.621905,0 days 00:00:00.595889,1.0,0.05,3,3,50,1.0,10.0,1.0,COMPLETE
31,13.960012164912769,2026-07-07 21:29:26.622566,2026-07-07 21:29:27.233127,0 days 00:00:00.610561,1.0,0.05,3,1,50,0.0,0.1,1.0,COMPLETE
32,13.960012164912769,2026-07-07 21:29:27.233796,2026-07-07 21:29:27.848313,0 days 00:00:00.614517,1.0,0.05,3,1,50,0.0,0.1,1.0,COMPLETE
33,13.960012164912769,2026-07-07 21:29:27.848985,2026-07-07 21:29:28.450821,0 days 00:00:00.601836,1.0,0.05,3,1,50,0.0,0.1,1.0,COMPLETE
34,16.014729736158323,2026-07-07 21:29:28.451461,2026-07-07 21:29:30.466396,0 days 00:00:02.014935,1.0,0.01,6,1,100,0.0,0.1,1.0,COMPLETE
35,14.435770359060319,2026-07-07 21:29:30.467067,2026-07-07 21:29:31.014372,0 days 00:00:00.547305,1.0,0.05,3,5,50,0.0,10.0,1.0,COMPLETE
36,16.61674259373129,2026-07-07 21:29:31.015037,2026-07-07 21:29:31.735635,0 days 00:00:00.720598,0.6,0.3,4,1,50,0.1,0.1,0.6,COMPLETE
37,14.155819614231941,2026-07-07 21:29:31.736499,2026-07-07 21:29:34.459501,0 days 00:00:02.723002,0.8,0.01,2,3,500,0.0,1.0,1.0,COMPLETE
38,14.628609119778236,2026-07-07 21:29:34.460174,2026-07-07 21:29:35.463184,0 days 00:00:01.003010,0.6,0.05,6,5,50,1.0,0.1,1.0,COMPLETE
39,14.4110670432033,2026-07-07 21:29:35.463866,2026-07-07 21:29:36.415248,0 days 00:00:00.951382,1.0,0.1,3,1,100,0.1,0.1,1.0,COMPLETE
40,14.74097205228945,2026-07-07 21:29:36.415977,2026-07-07 21:29:38.975639,0 days 00:00:02.559662,1.0,0.05,2,1,500,0.0,1.0,0.6,COMPLETE
41,13.960012164912769,2026-07-07 21:29:38.976493,2026-07-07 21:29:39.585583,0 days 00:00:00.609090,1.0,0.05,3,1,50,0.0,0.1,1.0,COMPLETE
42,13.960012164912769,2026-07-07 21:29:39.586279,2026-07-07 21:29:40.247514,0 days 00:00:00.661235,1.0,0.05,3,1,50,0.0,0.1,1.0,COMPLETE
43,13.960012164912769,2026-07-07 21:29:40.248224,2026-07-07 21:29:40.894616,0 days 00:00:00.646392,1.0,0.05,3,1,50,0.0,0.1,1.0,COMPLETE
44,18.461920101730176,2026-07-07 21:29:40.895281,2026-07-07 21:29:41.513097,0 days 00:00:00.617816,1.0,0.01,3,1,50,0.0,0.1,1.0,COMPLETE
45,14.878996532085015,2026-07-07 21:29:41.513749,2026-07-07 21:29:42.656047,0 days 00:00:01.142298,0.8,0.05,6,1,50,0.0,0.1,1.0,COMPLETE
46,14.291746286961196,2026-07-07 21:29:42.656732,2026-07-07 21:29:43.222171,0 days 00:00:00.565439,1.0,0.05,3,3,50,0.0,0.1,1.0,COMPLETE
47,15.415760906434542,2026-07-07 21:29:43.222827,2026-07-07 21:29:46.681326,0 days 00:00:03.458499,0.6,0.3,3,1,500,0.1,10.0,1.0,COMPLETE
48,13.97031381173112,2026-07-07 21:29:46.682093,2026-07-07 21:29:47.126252,0 days 00:00:00.444159,1.0,0.05,2,1,50,0.0,0.1,0.6,COMPLETE
49,14.167003240700629,2026-07-07 21:29:47.126889,2026-07-07 21:29:48.791185,0 days 00:00:01.664296,1.0,0.05,3,1,200,0.0,1.0,1.0,COMPLETE
